==6149== Memcheck, a memory error detector
==6149== Copyright (C) 2002-2017, and GNU GPL'd, by Julian Seward et al.
==6149== Using Valgrind-3.15.0 and LibVEX; rerun with -h for copyright info
==6149== Command: ./bin/thread_13
==6149== 
===================test1==============
---Thread pool Init 3
Begin XThreadPool Run 117651200
Begin XThreadPool Run 126043904
Begin XThreadPool Run 109258496
============================================
117651200 MyTask Run henry1
============================================
..End XThreadPool Run 126043904
End XThreadPool Run 117651200
End XThreadPool Run 109258496
===================test2==============
---Thread pool Init 3
Begin XThreadPool Run 117651200
Begin XThreadPool Run 109258496
============================================
109258496 MyTask Run henry0
============================================
.Begin XThreadPool Run 126043904
============================================
126043904 MyTask Run henry1
============================================
.============================================
117651200 MyTask Run henry2
============================================
................End XThreadPool Run 109258496
End XThreadPool Run 117651200
End XThreadPool Run 126043904
==6149== 
==6149== HEAP SUMMARY:
==6149==     in use at exit: 1,638 bytes in 46 blocks
==6149==   total heap usage: 123 allocs, 77 frees, 5,335 bytes allocated
==6149== 
==6149== LEAK SUMMARY:
==6149==    definitely lost: 1,008 bytes in 26 blocks
==6149==    indirectly lost: 630 bytes in 20 blocks
==6149==      possibly lost: 0 bytes in 0 blocks
==6149==    still reachable: 0 bytes in 0 blocks
==6149==         suppressed: 0 bytes in 0 blocks
==6149== Rerun with --leak-check=full to see details of leaked memory
==6149== 
==6149== For lists of detected and suppressed errors, rerun with: -s
==6149== ERROR SUMMARY: 0 errors from 0 contexts (suppressed: 0 from 0)
